
######################### Loading and Augmenting Images #########################
Process ForkPoolWorker-45:
Process ForkPoolWorker-38:
Process ForkPoolWorker-36:
Process ForkPoolWorker-30:
Process ForkPoolWorker-56:
Process ForkPoolWorker-37:
Process ForkPoolWorker-16:
Process ForkPoolWorker-64:
Process ForkPoolWorker-31:
Process ForkPoolWorker-21:
Process ForkPoolWorker-22:
Process ForkPoolWorker-20:
Process ForkPoolWorker-8:
Process ForkPoolWorker-41:
Process ForkPoolWorker-18:
Process ForkPoolWorker-24:
Process ForkPoolWorker-10:
Process ForkPoolWorker-17:
Process ForkPoolWorker-49:
Process ForkPoolWorker-35:
Process ForkPoolWorker-40:
Process ForkPoolWorker-60:
Process ForkPoolWorker-25:
Process ForkPoolWorker-44:
Process ForkPoolWorker-42:
Process ForkPoolWorker-59:
Process ForkPoolWorker-53:
Process ForkPoolWorker-63:
Process ForkPoolWorker-52:
Process ForkPoolWorker-58:
Process ForkPoolWorker-57:
Process ForkPoolWorker-5:
Process ForkPoolWorker-47:
Process ForkPoolWorker-43:
Process ForkPoolWorker-39:
Process ForkPoolWorker-32:
Process ForkPoolWorker-55:
Process ForkPoolWorker-61:
Process ForkPoolWorker-6:
Process ForkPoolWorker-26:
Process ForkPoolWorker-3:
Process ForkPoolWorker-23:
Process ForkPoolWorker-28:
Process ForkPoolWorker-65:
Process ForkPoolWorker-2:
Process ForkPoolWorker-27:
Process ForkPoolWorker-15:
Process ForkPoolWorker-33:
Process ForkPoolWorker-51:
Process ForkPoolWorker-29:
Process ForkPoolWorker-34:
Process ForkPoolWorker-12:
Process ForkPoolWorker-19:
Process ForkPoolWorker-7:
Process ForkPoolWorker-9:
Process ForkPoolWorker-14:
Process ForkPoolWorker-54:
Traceback (most recent call last):
Process ForkPoolWorker-50:
Process ForkPoolWorker-4:
Traceback (most recent call last):
  File "/usr/lib/python3.8/multiprocessing/process.py", line 315, in _bootstrap
    self.run()
  File "/usr/lib/python3.8/multiprocessing/process.py", line 108, in run
    self._target(*self._args, **self._kwargs)
  File "/usr/lib/python3.8/multiprocessing/pool.py", line 131, in worker
    put((job, i, result))
  File "/usr/lib/python3.8/multiprocessing/queues.py", line 367, in put
    with self._wlock:
  File "/usr/lib/python3.8/multiprocessing/synchronize.py", line 95, in __enter__
    return self._semlock.__enter__()
  File "/usr/lib/python3.8/multiprocessing/process.py", line 315, in _bootstrap
    self.run()
  File "/usr/lib/python3.8/multiprocessing/process.py", line 108, in run
    self._target(*self._args, **self._kwargs)
  File "/usr/lib/python3.8/multiprocessing/pool.py", line 131, in worker
    put((job, i, result))
KeyboardInterrupt
  File "/usr/lib/python3.8/multiprocessing/queues.py", line 367, in put
    with self._wlock:
  File "/usr/lib/python3.8/multiprocessing/synchronize.py", line 95, in __enter__
    return self._semlock.__enter__()
KeyboardInterrupt
Traceback (most recent call last):
  File "/usr/lib/python3.8/multiprocessing/process.py", line 315, in _bootstrap
    self.run()
  File "/usr/lib/python3.8/multiprocessing/process.py", line 108, in run
    self._target(*self._args, **self._kwargs)
  File "/usr/lib/python3.8/multiprocessing/pool.py", line 131, in worker
    put((job, i, result))
  File "/usr/lib/python3.8/multiprocessing/queues.py", line 367, in put
    with self._wlock:
  File "/usr/lib/python3.8/multiprocessing/synchronize.py", line 95, in __enter__
    return self._semlock.__enter__()
KeyboardInterrupt
Traceback (most recent call last):
  File "/usr/lib/python3.8/multiprocessing/process.py", line 315, in _bootstrap
    self.run()
  File "/usr/lib/python3.8/multiprocessing/process.py", line 108, in run
    self._target(*self._args, **self._kwargs)
  File "/usr/lib/python3.8/multiprocessing/pool.py", line 131, in worker
    put((job, i, result))
  File "/usr/lib/python3.8/multiprocessing/queues.py", line 367, in put
    with self._wlock:
  File "/usr/lib/python3.8/multiprocessing/synchronize.py", line 95, in __enter__
    return self._semlock.__enter__()
KeyboardInterrupt
Traceback (most recent call last):
Traceback (most recent call last):
  File "/usr/lib/python3.8/multiprocessing/process.py", line 315, in _bootstrap
    self.run()
  File "/usr/lib/python3.8/multiprocessing/process.py", line 108, in run
    self._target(*self._args, **self._kwargs)
  File "/usr/lib/python3.8/multiprocessing/pool.py", line 131, in worker
    put((job, i, result))
  File "/usr/lib/python3.8/multiprocessing/queues.py", line 367, in put
    with self._wlock:
  File "/usr/lib/python3.8/multiprocessing/synchronize.py", line 95, in __enter__
    return self._semlock.__enter__()
  File "/usr/lib/python3.8/multiprocessing/process.py", line 315, in _bootstrap
    self.run()
  File "/usr/lib/python3.8/multiprocessing/process.py", line 108, in run
    self._target(*self._args, **self._kwargs)
KeyboardInterrupt
  File "/usr/lib/python3.8/multiprocessing/pool.py", line 131, in worker
    put((job, i, result))
  File "/usr/lib/python3.8/multiprocessing/queues.py", line 367, in put
    with self._wlock:
  File "/usr/lib/python3.8/multiprocessing/synchronize.py", line 95, in __enter__
    return self._semlock.__enter__()
Traceback (most recent call last):
KeyboardInterrupt
  File "/usr/lib/python3.8/multiprocessing/process.py", line 315, in _bootstrap
    self.run()
  File "/usr/lib/python3.8/multiprocessing/process.py", line 108, in run
    self._target(*self._args, **self._kwargs)
  File "/usr/lib/python3.8/multiprocessing/pool.py", line 131, in worker
    put((job, i, result))
  File "/usr/lib/python3.8/multiprocessing/queues.py", line 367, in put
    with self._wlock:
  File "/usr/lib/python3.8/multiprocessing/synchronize.py", line 95, in __enter__
    return self._semlock.__enter__()
KeyboardInterrupt
Traceback (most recent call last):
Traceback (most recent call last):
  File "/usr/lib/python3.8/multiprocessing/process.py", line 315, in _bootstrap
    self.run()
  File "/usr/lib/python3.8/multiprocessing/process.py", line 108, in run
    self._target(*self._args, **self._kwargs)
  File "/usr/lib/python3.8/multiprocessing/pool.py", line 131, in worker
    put((job, i, result))
  File "/usr/lib/python3.8/multiprocessing/queues.py", line 367, in put
    with self._wlock:
  File "/usr/lib/python3.8/multiprocessing/synchronize.py", line 95, in __enter__
    return self._semlock.__enter__()
KeyboardInterrupt
Traceback (most recent call last):
  File "/usr/lib/python3.8/multiprocessing/process.py", line 315, in _bootstrap
    self.run()
  File "/usr/lib/python3.8/multiprocessing/process.py", line 108, in run
    self._target(*self._args, **self._kwargs)
  File "/usr/lib/python3.8/multiprocessing/pool.py", line 131, in worker
    put((job, i, result))
  File "/usr/lib/python3.8/multiprocessing/queues.py", line 367, in put
    with self._wlock:
  File "/usr/lib/python3.8/multiprocessing/synchronize.py", line 95, in __enter__
    return self._semlock.__enter__()
KeyboardInterrupt
  File "/usr/lib/python3.8/multiprocessing/process.py", line 315, in _bootstrap
    self.run()
  File "/usr/lib/python3.8/multiprocessing/process.py", line 108, in run
    self._target(*self._args, **self._kwargs)
  File "/usr/lib/python3.8/multiprocessing/pool.py", line 131, in worker
    put((job, i, result))
  File "/usr/lib/python3.8/multiprocessing/queues.py", line 367, in put
    with self._wlock:
  File "/usr/lib/python3.8/multiprocessing/synchronize.py", line 95, in __enter__
    return self._semlock.__enter__()
KeyboardInterrupt
Traceback (most recent call last):
  File "/usr/lib/python3.8/multiprocessing/process.py", line 315, in _bootstrap
    self.run()
  File "/usr/lib/python3.8/multiprocessing/process.py", line 108, in run
    self._target(*self._args, **self._kwargs)
  File "/usr/lib/python3.8/multiprocessing/pool.py", line 131, in worker
    put((job, i, result))
  File "/usr/lib/python3.8/multiprocessing/queues.py", line 367, in put
    with self._wlock:
  File "/usr/lib/python3.8/multiprocessing/synchronize.py", line 95, in __enter__
    return self._semlock.__enter__()
KeyboardInterrupt
Traceback (most recent call last):
Traceback (most recent call last):
  File "/usr/lib/python3.8/multiprocessing/process.py", line 315, in _bootstrap
    self.run()
  File "/usr/lib/python3.8/multiprocessing/process.py", line 108, in run
    self._target(*self._args, **self._kwargs)
  File "/usr/lib/python3.8/multiprocessing/pool.py", line 131, in worker
    put((job, i, result))
  File "/usr/lib/python3.8/multiprocessing/process.py", line 315, in _bootstrap
    self.run()
  File "/usr/lib/python3.8/multiprocessing/queues.py", line 367, in put
    with self._wlock:
  File "/usr/lib/python3.8/multiprocessing/process.py", line 108, in run
    self._target(*self._args, **self._kwargs)
Traceback (most recent call last):
  File "/usr/lib/python3.8/multiprocessing/synchronize.py", line 95, in __enter__
    return self._semlock.__enter__()
  File "/usr/lib/python3.8/multiprocessing/pool.py", line 131, in worker
    put((job, i, result))
  File "/usr/lib/python3.8/multiprocessing/queues.py", line 367, in put
    with self._wlock:
KeyboardInterrupt
  File "/usr/lib/python3.8/multiprocessing/synchronize.py", line 95, in __enter__
    return self._semlock.__enter__()
Traceback (most recent call last):
KeyboardInterrupt
Traceback (most recent call last):
  File "/usr/lib/python3.8/multiprocessing/process.py", line 315, in _bootstrap
    self.run()
  File "/usr/lib/python3.8/multiprocessing/process.py", line 315, in _bootstrap
    self.run()
  File "/usr/lib/python3.8/multiprocessing/process.py", line 108, in run
    self._target(*self._args, **self._kwargs)
  File "/usr/lib/python3.8/multiprocessing/process.py", line 315, in _bootstrap
    self.run()
  File "/usr/lib/python3.8/multiprocessing/process.py", line 108, in run
    self._target(*self._args, **self._kwargs)
  File "/usr/lib/python3.8/multiprocessing/pool.py", line 131, in worker
    put((job, i, result))
  File "/usr/lib/python3.8/multiprocessing/pool.py", line 131, in worker
    put((job, i, result))
  File "/usr/lib/python3.8/multiprocessing/queues.py", line 367, in put
    with self._wlock:
  File "/usr/lib/python3.8/multiprocessing/process.py", line 108, in run
    self._target(*self._args, **self._kwargs)
  File "/usr/lib/python3.8/multiprocessing/queues.py", line 367, in put
    with self._wlock:
Traceback (most recent call last):
  File "/usr/lib/python3.8/multiprocessing/synchronize.py", line 95, in __enter__
    return self._semlock.__enter__()
  File "/usr/lib/python3.8/multiprocessing/synchronize.py", line 95, in __enter__
    return self._semlock.__enter__()
  File "/usr/lib/python3.8/multiprocessing/pool.py", line 131, in worker
    put((job, i, result))
Traceback (most recent call last):
KeyboardInterrupt
KeyboardInterrupt
Traceback (most recent call last):
  File "/usr/lib/python3.8/multiprocessing/queues.py", line 367, in put
    with self._wlock:
Traceback (most recent call last):
  File "/usr/lib/python3.8/multiprocessing/synchronize.py", line 95, in __enter__
    return self._semlock.__enter__()
  File "/usr/lib/python3.8/multiprocessing/process.py", line 315, in _bootstrap
    self.run()
  File "/usr/lib/python3.8/multiprocessing/process.py", line 315, in _bootstrap
    self.run()
KeyboardInterrupt
  File "/usr/lib/python3.8/multiprocessing/process.py", line 108, in run
    self._target(*self._args, **self._kwargs)
  File "/usr/lib/python3.8/multiprocessing/pool.py", line 131, in worker
    put((job, i, result))
  File "/usr/lib/python3.8/multiprocessing/queues.py", line 367, in put
    with self._wlock:
  File "/usr/lib/python3.8/multiprocessing/synchronize.py", line 95, in __enter__
    return self._semlock.__enter__()
KeyboardInterrupt
Traceback (most recent call last):
  File "/usr/lib/python3.8/multiprocessing/process.py", line 315, in _bootstrap
    self.run()
  File "/usr/lib/python3.8/multiprocessing/process.py", line 108, in run
    self._target(*self._args, **self._kwargs)
  File "/usr/lib/python3.8/multiprocessing/pool.py", line 131, in worker
    put((job, i, result))
Traceback (most recent call last):
Traceback (most recent call last):
Traceback (most recent call last):
  File "/usr/lib/python3.8/multiprocessing/queues.py", line 367, in put
    with self._wlock:
  File "/usr/lib/python3.8/multiprocessing/synchronize.py", line 95, in __enter__
    return self._semlock.__enter__()
KeyboardInterrupt
  File "/usr/lib/python3.8/multiprocessing/process.py", line 315, in _bootstrap
    self.run()
  File "/usr/lib/python3.8/multiprocessing/process.py", line 108, in run
    self._target(*self._args, **self._kwargs)
  File "/usr/lib/python3.8/multiprocessing/pool.py", line 131, in worker
    put((job, i, result))
  File "/usr/lib/python3.8/multiprocessing/queues.py", line 367, in put
    with self._wlock:
  File "/usr/lib/python3.8/multiprocessing/synchronize.py", line 95, in __enter__
    return self._semlock.__enter__()
  File "/usr/lib/python3.8/multiprocessing/process.py", line 315, in _bootstrap
    self.run()
  File "/usr/lib/python3.8/multiprocessing/process.py", line 315, in _bootstrap
    self.run()
  File "/usr/lib/python3.8/multiprocessing/process.py", line 108, in run
    self._target(*self._args, **self._kwargs)
  File "/usr/lib/python3.8/multiprocessing/process.py", line 108, in run
    self._target(*self._args, **self._kwargs)
  File "/usr/lib/python3.8/multiprocessing/pool.py", line 131, in worker
    put((job, i, result))
  File "/usr/lib/python3.8/multiprocessing/pool.py", line 131, in worker
    put((job, i, result))
  File "/usr/lib/python3.8/multiprocessing/queues.py", line 367, in put
    with self._wlock:
  File "/usr/lib/python3.8/multiprocessing/queues.py", line 367, in put
    with self._wlock:
  File "/usr/lib/python3.8/multiprocessing/synchronize.py", line 95, in __enter__
    return self._semlock.__enter__()
  File "/usr/lib/python3.8/multiprocessing/synchronize.py", line 95, in __enter__
    return self._semlock.__enter__()
Traceback (most recent call last):
  File "/usr/lib/python3.8/multiprocessing/process.py", line 315, in _bootstrap
    self.run()
  File "/usr/lib/python3.8/multiprocessing/process.py", line 108, in run
    self._target(*self._args, **self._kwargs)
  File "/usr/lib/python3.8/multiprocessing/pool.py", line 131, in worker
    put((job, i, result))
  File "/usr/lib/python3.8/multiprocessing/queues.py", line 367, in put
    with self._wlock:
  File "/usr/lib/python3.8/multiprocessing/synchronize.py", line 95, in __enter__
    return self._semlock.__enter__()
KeyboardInterrupt
KeyboardInterrupt
KeyboardInterrupt
Traceback (most recent call last):
  File "/usr/lib/python3.8/multiprocessing/process.py", line 315, in _bootstrap
    self.run()
  File "/usr/lib/python3.8/multiprocessing/process.py", line 108, in run
    self._target(*self._args, **self._kwargs)
  File "/usr/lib/python3.8/multiprocessing/pool.py", line 131, in worker
    put((job, i, result))
  File "/usr/lib/python3.8/multiprocessing/queues.py", line 367, in put
    with self._wlock:
  File "/usr/lib/python3.8/multiprocessing/synchronize.py", line 95, in __enter__
    return self._semlock.__enter__()
KeyboardInterrupt
KeyboardInterrupt
Traceback (most recent call last):
Traceback (most recent call last):
Traceback (most recent call last):
Traceback (most recent call last):
  File "/usr/lib/python3.8/multiprocessing/process.py", line 315, in _bootstrap
    self.run()
  File "/usr/lib/python3.8/multiprocessing/process.py", line 108, in run
    self._target(*self._args, **self._kwargs)
  File "/usr/lib/python3.8/multiprocessing/pool.py", line 131, in worker
    put((job, i, result))
  File "/usr/lib/python3.8/multiprocessing/queues.py", line 367, in put
    with self._wlock:
  File "/usr/lib/python3.8/multiprocessing/synchronize.py", line 95, in __enter__
    return self._semlock.__enter__()
KeyboardInterrupt
  File "/usr/lib/python3.8/multiprocessing/process.py", line 315, in _bootstrap
    self.run()
  File "/usr/lib/python3.8/multiprocessing/process.py", line 315, in _bootstrap
    self.run()
Traceback (most recent call last):
  File "/usr/lib/python3.8/multiprocessing/process.py", line 108, in run
    self._target(*self._args, **self._kwargs)
  File "/usr/lib/python3.8/multiprocessing/process.py", line 315, in _bootstrap
    self.run()
  File "/usr/lib/python3.8/multiprocessing/process.py", line 108, in run
    self._target(*self._args, **self._kwargs)
  File "/usr/lib/python3.8/multiprocessing/pool.py", line 131, in worker
    put((job, i, result))
  File "/usr/lib/python3.8/multiprocessing/process.py", line 108, in run
    self._target(*self._args, **self._kwargs)
  File "/usr/lib/python3.8/multiprocessing/pool.py", line 131, in worker
    put((job, i, result))
  File "/usr/lib/python3.8/multiprocessing/queues.py", line 367, in put
    with self._wlock:
  File "/usr/lib/python3.8/multiprocessing/pool.py", line 131, in worker
    put((job, i, result))
  File "/usr/lib/python3.8/multiprocessing/queues.py", line 367, in put
    with self._wlock:
  File "/usr/lib/python3.8/multiprocessing/synchronize.py", line 95, in __enter__
    return self._semlock.__enter__()
  File "/usr/lib/python3.8/multiprocessing/queues.py", line 367, in put
    with self._wlock:
  File "/usr/lib/python3.8/multiprocessing/synchronize.py", line 95, in __enter__
    return self._semlock.__enter__()
  File "/usr/lib/python3.8/multiprocessing/process.py", line 315, in _bootstrap
    self.run()
  File "/usr/lib/python3.8/multiprocessing/synchronize.py", line 95, in __enter__
    return self._semlock.__enter__()
Traceback (most recent call last):
KeyboardInterrupt
  File "/usr/lib/python3.8/multiprocessing/process.py", line 108, in run
    self._target(*self._args, **self._kwargs)
KeyboardInterrupt
  File "/usr/lib/python3.8/multiprocessing/pool.py", line 131, in worker
    put((job, i, result))
KeyboardInterrupt
  File "/usr/lib/python3.8/multiprocessing/queues.py", line 367, in put
    with self._wlock:
Process ForkPoolWorker-48:
  File "/usr/lib/python3.8/multiprocessing/synchronize.py", line 95, in __enter__
    return self._semlock.__enter__()
  File "/usr/lib/python3.8/multiprocessing/process.py", line 315, in _bootstrap
    self.run()
  File "/usr/lib/python3.8/multiprocessing/process.py", line 108, in run
    self._target(*self._args, **self._kwargs)
  File "/usr/lib/python3.8/multiprocessing/pool.py", line 131, in worker
    put((job, i, result))
  File "/usr/lib/python3.8/multiprocessing/queues.py", line 367, in put
    with self._wlock:
  File "/usr/lib/python3.8/multiprocessing/synchronize.py", line 95, in __enter__
    return self._semlock.__enter__()
KeyboardInterrupt
Traceback (most recent call last):
Traceback (most recent call last):
  File "/usr/lib/python3.8/multiprocessing/process.py", line 315, in _bootstrap
    self.run()
  File "/usr/lib/python3.8/multiprocessing/process.py", line 108, in run
    self._target(*self._args, **self._kwargs)
  File "/usr/lib/python3.8/multiprocessing/pool.py", line 131, in worker
    put((job, i, result))
  File "/usr/lib/python3.8/multiprocessing/queues.py", line 367, in put
    with self._wlock:
  File "/usr/lib/python3.8/multiprocessing/synchronize.py", line 95, in __enter__
    return self._semlock.__enter__()
KeyboardInterrupt
  File "/usr/lib/python3.8/multiprocessing/process.py", line 315, in _bootstrap
    self.run()
  File "/usr/lib/python3.8/multiprocessing/process.py", line 108, in run
    self._target(*self._args, **self._kwargs)
  File "/usr/lib/python3.8/multiprocessing/pool.py", line 131, in worker
    put((job, i, result))
  File "/usr/lib/python3.8/multiprocessing/queues.py", line 367, in put
    with self._wlock:
  File "/usr/lib/python3.8/multiprocessing/synchronize.py", line 95, in __enter__
    return self._semlock.__enter__()
KeyboardInterrupt
Traceback (most recent call last):
  File "/usr/lib/python3.8/multiprocessing/process.py", line 315, in _bootstrap
    self.run()
  File "/usr/lib/python3.8/multiprocessing/process.py", line 108, in run
    self._target(*self._args, **self._kwargs)
  File "/usr/lib/python3.8/multiprocessing/pool.py", line 131, in worker
    put((job, i, result))
  File "/usr/lib/python3.8/multiprocessing/queues.py", line 367, in put
    with self._wlock:
  File "/usr/lib/python3.8/multiprocessing/synchronize.py", line 95, in __enter__
    return self._semlock.__enter__()
KeyboardInterrupt
Traceback (most recent call last):
Traceback (most recent call last):
  File "/usr/lib/python3.8/multiprocessing/process.py", line 315, in _bootstrap
    self.run()
  File "/usr/lib/python3.8/multiprocessing/process.py", line 315, in _bootstrap
    self.run()
  File "/usr/lib/python3.8/multiprocessing/process.py", line 108, in run
    self._target(*self._args, **self._kwargs)
  File "/usr/lib/python3.8/multiprocessing/process.py", line 108, in run
    self._target(*self._args, **self._kwargs)
  File "/usr/lib/python3.8/multiprocessing/pool.py", line 125, in worker
    result = (True, func(*args, **kwds))
  File "/usr/lib/python3.8/multiprocessing/pool.py", line 131, in worker
    put((job, i, result))
  File "/usr/lib/python3.8/multiprocessing/pool.py", line 51, in starmapstar
    return list(itertools.starmap(args[0], args[1]))
  File "/usr/lib/python3.8/multiprocessing/queues.py", line 367, in put
    with self._wlock:
  File "/root/research/deep-segmentation/segmentation/unet/customdatasets3.py", line 67, in read_images
    inp, tar = pre_transform(inp, tar)
  File "/usr/lib/python3.8/multiprocessing/synchronize.py", line 95, in __enter__
    return self._semlock.__enter__()
  File "/root/research/deep-segmentation/segmentation/unet/transformations.py", line 132, in __call__
    inp, target = t(inp, target)
  File "/root/research/deep-segmentation/segmentation/unet/transformations.py", line 113, in __call__
    if self.input: inp = self.function(inp)
KeyboardInterrupt
  File "/usr/local/lib/python3.8/dist-packages/skimage/transform/_warps.py", line 187, in resize
    out = ndi.zoom(image, zoom_factors, order=order, mode=ndi_mode,
  File "/usr/local/lib/python3.8/dist-packages/scipy/ndimage/interpolation.py", line 817, in zoom
    _nd_image.zoom_shift(filtered, zoom, None, output, order, mode, cval, npad,
KeyboardInterrupt
Traceback (most recent call last):
  File "/usr/lib/python3.8/multiprocessing/process.py", line 315, in _bootstrap
    self.run()
  File "/usr/lib/python3.8/multiprocessing/process.py", line 108, in run
    self._target(*self._args, **self._kwargs)
  File "/usr/lib/python3.8/multiprocessing/pool.py", line 131, in worker
    put((job, i, result))
  File "/usr/lib/python3.8/multiprocessing/queues.py", line 367, in put
    with self._wlock:
  File "/usr/lib/python3.8/multiprocessing/synchronize.py", line 95, in __enter__
    return self._semlock.__enter__()
KeyboardInterrupt
Traceback (most recent call last):
  File "/root/research/deep-segmentation/segmentation/unet/customdatasets3.py", line 37, in __init__
    self.cached_data = pool.starmap(self.read_images, zip(inputs, targets, repeat(self.pre_transform)))
  File "/usr/lib/python3.8/multiprocessing/pool.py", line 372, in starmap
    return self._map_async(func, iterable, starmapstar, chunksize).get()
  File "/usr/lib/python3.8/multiprocessing/pool.py", line 765, in get
    self.wait(timeout)
  File "/usr/lib/python3.8/multiprocessing/pool.py", line 762, in wait
    self._event.wait(timeout)
  File "/usr/lib/python3.8/threading.py", line 558, in wait
    signaled = self._cond.wait(timeout)
  File "/usr/lib/python3.8/threading.py", line 302, in wait
    waiter.acquire()
KeyboardInterrupt
During handling of the above exception, another exception occurred:
Traceback (most recent call last):
  File "main.py", line 98, in <module>
    init_and_train_model(args.verbose)
  File "main.py", line 67, in init_and_train_model
    DeepSeg.load_and_augment()
  File "/root/research/deep-segmentation/segmentation/unet/segmentation.py", line 153, in load_and_augment
    dataset_train = SegmentationDataSet3(
  File "/root/research/deep-segmentation/segmentation/unet/customdatasets3.py", line 37, in __init__
    self.cached_data = pool.starmap(self.read_images, zip(inputs, targets, repeat(self.pre_transform)))
  File "/usr/lib/python3.8/multiprocessing/pool.py", line 736, in __exit__
    self.terminate()
  File "/usr/lib/python3.8/multiprocessing/pool.py", line 654, in terminate
    self._terminate()
  File "/usr/lib/python3.8/multiprocessing/util.py", line 224, in __call__
    res = self._callback(*self._args, **self._kwargs)
  File "/usr/lib/python3.8/multiprocessing/pool.py", line 721, in _terminate_pool
    result_handler.join()
  File "/usr/lib/python3.8/threading.py", line 1011, in join
    self._wait_for_tstate_lock()
  File "/usr/lib/python3.8/threading.py", line 1027, in _wait_for_tstate_lock
    elif lock.acquire(block, timeout):
KeyboardInterrupt